TN:
SF:C:\Users\Tyler\WebstormProjects\ReduxCourse\__tests__\containers\MainContainer-test.tsx
FN:6,(anonymous_0)
FN:8,(anonymous_1)
FN:13,(anonymous_2)
FN:17,(anonymous_3)
FN:21,(anonymous_4)
FN:25,(anonymous_5)
FNF:6
FNH:6
FNDA:1,(anonymous_0)
FNDA:1,(anonymous_1)
FNDA:1,(anonymous_2)
FNDA:1,(anonymous_3)
FNDA:1,(anonymous_4)
FNDA:1,(anonymous_5)
DA:1,1
DA:2,1
DA:4,1
DA:6,1
DA:8,1
DA:9,1
DA:10,1
DA:13,1
DA:14,1
DA:17,1
DA:18,1
DA:21,1
DA:22,1
DA:25,1
DA:27,1
DA:31,1
DA:33,1
DA:35,1
LF:18
LH:18
BRF:0
BRH:0
end_of_record
TN:
SF:C:\Users\Tyler\WebstormProjects\ReduxCourse\app\containers\Main\MainContainer.tsx
FN:5,(anonymous_2)
FN:6,MainContainer
FN:13,(anonymous_4)
FN:20,(anonymous_5)
FN:22,(anonymous_6)
FNF:5
FNH:4
FNDA:1,(anonymous_2)
FNDA:5,MainContainer
FNDA:1,(anonymous_4)
FNDA:6,(anonymous_5)
FNDA:0,(anonymous_6)
DA:1,1
DA:3,1
DA:5,1
DA:7,5
DA:8,5
DA:13,5
DA:14,1
DA:15,1
DA:20,6
DA:22,6
DA:23,0
DA:24,0
DA:28,6
DA:33,1
LF:14
LH:12
BRDA:7,1,0,5
BRDA:7,1,1,5
BRF:2
BRH:2
end_of_record
