{"C:\\Users\\Tyler\\WebstormProjects\\ReduxCourse\\__tests__\\containers\\MainContainer-test.tsx": {"path":"C:\\Users\\Tyler\\WebstormProjects\\ReduxCourse\\__tests__\\containers\\MainContainer-test.tsx","statementMap":{"0":{"start":{"line":1,"column":13},"end":{"line":1,"column":42}},"1":{"start":{"line":1,"column":42},"end":{"line":1,"column":55}},"2":{"start":{"line":2,"column":12},"end":{"line":2,"column":28}},"3":{"start":{"line":3,"column":15},"end":{"line":3,"column":32}},"4":{"start":{"line":4,"column":22},"end":{"line":4,"column":62}},"5":{"start":{"line":5,"column":0},"end":{"line":26,"column":3}},"6":{"start":{"line":6,"column":4},"end":{"line":9,"column":7}},"7":{"start":{"line":7,"column":22},"end":{"line":7,"column":96}},"8":{"start":{"line":8,"column":8},"end":{"line":8,"column":158}},"9":{"start":{"line":10,"column":4},"end":{"line":12,"column":7}},"10":{"start":{"line":11,"column":8},"end":{"line":11,"column":115}},"11":{"start":{"line":13,"column":4},"end":{"line":15,"column":7}},"12":{"start":{"line":14,"column":8},"end":{"line":14,"column":119}},"13":{"start":{"line":16,"column":4},"end":{"line":18,"column":7}},"14":{"start":{"line":17,"column":8},"end":{"line":17,"column":120}},"15":{"start":{"line":19,"column":4},"end":{"line":25,"column":7}},"16":{"start":{"line":21,"column":28},"end":{"line":21,"column":102}},"17":{"start":{"line":22,"column":8},"end":{"line":22,"column":60}},"18":{"start":{"line":23,"column":8},"end":{"line":23,"column":52}},"19":{"start":{"line":24,"column":8},"end":{"line":24,"column":59}}},"fnMap":{"0":{"name":"(anonymous_0)","decl":{"start":{"line":5,"column":20},"end":{"line":5,"column":21}},"loc":{"start":{"line":5,"column":32},"end":{"line":26,"column":1}}},"1":{"name":"(anonymous_1)","decl":{"start":{"line":6,"column":50},"end":{"line":6,"column":51}},"loc":{"start":{"line":6,"column":62},"end":{"line":9,"column":5}}},"2":{"name":"(anonymous_2)","decl":{"start":{"line":10,"column":48},"end":{"line":10,"column":49}},"loc":{"start":{"line":10,"column":60},"end":{"line":12,"column":5}}},"3":{"name":"(anonymous_3)","decl":{"start":{"line":13,"column":37},"end":{"line":13,"column":38}},"loc":{"start":{"line":13,"column":49},"end":{"line":15,"column":5}}},"4":{"name":"(anonymous_4)","decl":{"start":{"line":16,"column":39},"end":{"line":16,"column":40}},"loc":{"start":{"line":16,"column":51},"end":{"line":18,"column":5}}},"5":{"name":"(anonymous_5)","decl":{"start":{"line":19,"column":46},"end":{"line":19,"column":47}},"loc":{"start":{"line":19,"column":58},"end":{"line":25,"column":5}}}},"branchMap":{},"s":{"0":1,"1":1,"2":1,"3":1,"4":1,"5":1,"6":1,"7":1,"8":1,"9":1,"10":1,"11":1,"12":1,"13":1,"14":1,"15":1,"16":1,"17":1,"18":1,"19":1},"f":{"0":1,"1":1,"2":1,"3":1,"4":1,"5":1},"b":{},"inputSourceMap":{"version":3,"file":"MainContainer-test.js","sourceRoot":"","sources":["file:///C:/Users/Tyler/WebstormProjects/ReduxCourse/__tests__/containers/MainContainer-test.tsx"],"names":[],"mappings":";AAAA,6BAA+B;AAC/B,iCAAgD;AAEhD,+DAA8D;AAE9D,QAAQ,CAAC,SAAS,EAAE;IAElB,EAAE,CAAC,yCAAyC,EAAE;QAC5C,IAAM,OAAO,GAAG,gBAAO,CAAC,oBAAC,6BAAa,OAAG,CAAC,CAAC;QAC3C,MAAM,CAAC,OAAO,CAAC,QAAQ,CAAC,6BAAK,SAAS,EAAC,OAAO,EAAC,OAAO,EAAE,OAAO,CAAC,QAAQ,EAAE,CAAC,gBAAgB,CAAC,kBAAmB,CAAC,CAAC,CAAC,IAAI,CAAC,IAAI,CAAC,CAAC;IAC/H,CAAC,CAAC,CAAC;IAEH,EAAE,CAAC,uCAAuC,EAAE;QAC1C,MAAM,CAAC,gBAAO,CAAC,oBAAC,6BAAa,OAAG,CAAC,CAAC,EAAE,CAAC,QAAQ,CAAC,CAAC,CAAC,IAAI,CAAC,IAAI,CAAC,CAAC;IAC7D,CAAC,CAAC,CAAC;IAEH,EAAE,CAAC,4BAA4B,EAAE;QAC/B,MAAM,CAAC,cAAK,CAAC,oBAAC,6BAAa,OAAG,CAAC,CAAC,IAAI,CAAC,QAAQ,CAAC,CAAC,MAAM,CAAC,CAAC,IAAI,CAAC,CAAC,CAAC,CAAC;IACjE,CAAC,CAAC,CAAC;IAEH,EAAE,CAAC,8BAA8B,EAAE;QACjC,MAAM,CAAC,eAAM,CAAC,oBAAC,6BAAa,OAAG,CAAC,CAAC,IAAI,EAAE,CAAC,CAAC,OAAO,CAAC,aAAa,CAAC,CAAC;IAClE,CAAC,CAAC,CAAC;IAEH,EAAE,CAAC,qCAAqC,EAAE;QACxC,+CAA+C;QAC/C,IAAM,aAAa,GAAG,gBAAO,CAC3B,oBAAC,6BAAa,OAAG,CAClB,CAAC;QAEF,MAAM,CAAC,aAAa,CAAC,IAAI,EAAE,CAAC,CAAC,OAAO,CAAC,aAAa,CAAC,CAAC;QAEpD,aAAa,CAAC,IAAI,CAAC,KAAK,CAAC,CAAC,QAAQ,CAAC,OAAO,CAAC,CAAC;QAE5C,MAAM,CAAC,aAAa,CAAC,IAAI,EAAE,CAAC,CAAC,OAAO,CAAC,YAAY,CAAC,CAAC;IACrD,CAAC,CAAC,CAAC;AACL,CAAC,CAAC,CAAC","sourcesContent":["import * as React from 'react';\r\nimport { shallow, mount, render } from 'enzyme';\r\n\r\nimport { MainContainer } from 'containers/Main/MainContainer';\r\n\r\ndescribe('A suite', function() {\r\n\r\n  it('should render without throwing an error', function() {\r\n    const wrapper = shallow(<MainContainer />);\r\n    expect(wrapper.contains(<div className='color' onClick={wrapper.instance()['handleDivClick']}>Name: Tyler</div>)).toBe(true);\r\n  });\r\n\r\n  it('should be selectable by class \"color\"', function() {\r\n    expect(shallow(<MainContainer />).is('.color')).toBe(true);\r\n  });\r\n\r\n  it('should mount in a full DOM', function() {\r\n    expect(mount(<MainContainer />).find('.color').length).toBe(1);\r\n  });\r\n\r\n  it('should render to static HTML', function() {\r\n    expect(render(<MainContainer />).text()).toEqual('Name: Tyler');\r\n  });\r\n\r\n  it('should change text content on click', function() {\r\n    // Render a checkbox with label in the document\r\n    const mainContainer = shallow(\r\n      <MainContainer />\r\n    );\r\n\r\n    expect(mainContainer.text()).toEqual('Name: Tyler');\r\n\r\n    mainContainer.find('div').simulate('click');\r\n\r\n    expect(mainContainer.text()).toEqual('Name: John');\r\n  });\r\n});\r\n"]},"_coverageSchema":"332fd63041d2c1bcb487cc26dd0d5f7d97098a6c","hash":"07a71f61d65ff942c30e63d8bf75c43a3f30cdae"}
,"C:\\Users\\Tyler\\WebstormProjects\\ReduxCourse\\app\\containers\\Main\\MainContainer.tsx": {"path":"C:\\Users\\Tyler\\WebstormProjects\\ReduxCourse\\app\\containers\\Main\\MainContainer.tsx","statementMap":{"0":{"start":{"line":1,"column":13},"end":{"line":1,"column":42}},"1":{"start":{"line":1,"column":42},"end":{"line":1,"column":55}},"2":{"start":{"line":2,"column":16},"end":{"line":6,"column":1}},"3":{"start":{"line":3,"column":4},"end":{"line":3,"column":58}},"4":{"start":{"line":3,"column":21},"end":{"line":3,"column":58}},"5":{"start":{"line":3,"column":46},"end":{"line":3,"column":58}},"6":{"start":{"line":4,"column":20},"end":{"line":4,"column":41}},"7":{"start":{"line":5,"column":4},"end":{"line":5,"column":89}},"8":{"start":{"line":7,"column":12},"end":{"line":7,"column":28}},"9":{"start":{"line":8,"column":13},"end":{"line":8,"column":36}},"10":{"start":{"line":9,"column":21},"end":{"line":38,"column":18}},"11":{"start":{"line":10,"column":4},"end":{"line":10,"column":37}},"12":{"start":{"line":12,"column":20},"end":{"line":12,"column":45}},"13":{"start":{"line":13,"column":8},"end":{"line":18,"column":10}},"14":{"start":{"line":14,"column":12},"end":{"line":14,"column":34}},"15":{"start":{"line":15,"column":12},"end":{"line":17,"column":15}},"16":{"start":{"line":19,"column":8},"end":{"line":21,"column":10}},"17":{"start":{"line":22,"column":8},"end":{"line":22,"column":21}},"18":{"start":{"line":24,"column":4},"end":{"line":36,"column":6}},"19":{"start":{"line":25,"column":20},"end":{"line":25,"column":24}},"20":{"start":{"line":27,"column":30},"end":{"line":32,"column":9}},"21":{"start":{"line":28,"column":12},"end":{"line":28,"column":34}},"22":{"start":{"line":29,"column":12},"end":{"line":31,"column":15}},"23":{"start":{"line":33,"column":8},"end":{"line":35,"column":123}},"24":{"start":{"line":37,"column":4},"end":{"line":37,"column":25}},"25":{"start":{"line":39,"column":0},"end":{"line":39,"column":38}}},"fnMap":{"0":{"name":"(anonymous_0)","decl":{"start":{"line":2,"column":44},"end":{"line":2,"column":45}},"loc":{"start":{"line":2,"column":60},"end":{"line":6,"column":1}}},"1":{"name":"__","decl":{"start":{"line":4,"column":13},"end":{"line":4,"column":15}},"loc":{"start":{"line":4,"column":18},"end":{"line":4,"column":43}}},"2":{"name":"(anonymous_2)","decl":{"start":{"line":9,"column":21},"end":{"line":9,"column":22}},"loc":{"start":{"line":9,"column":39},"end":{"line":38,"column":1}}},"3":{"name":"MainContainer","decl":{"start":{"line":11,"column":13},"end":{"line":11,"column":26}},"loc":{"start":{"line":11,"column":29},"end":{"line":23,"column":5}}},"4":{"name":"(anonymous_4)","decl":{"start":{"line":13,"column":31},"end":{"line":13,"column":32}},"loc":{"start":{"line":13,"column":43},"end":{"line":18,"column":9}}},"5":{"name":"(anonymous_5)","decl":{"start":{"line":24,"column":37},"end":{"line":24,"column":38}},"loc":{"start":{"line":24,"column":49},"end":{"line":36,"column":5}}},"6":{"name":"(anonymous_6)","decl":{"start":{"line":27,"column":30},"end":{"line":27,"column":31}},"loc":{"start":{"line":27,"column":42},"end":{"line":32,"column":9}}}},"branchMap":{"0":{"loc":{"start":{"line":2,"column":16},"end":{"line":6,"column":1}},"type":"binary-expr","locations":[{"start":{"line":2,"column":17},"end":{"line":2,"column":21}},{"start":{"line":2,"column":25},"end":{"line":2,"column":39}},{"start":{"line":2,"column":44},"end":{"line":6,"column":1}}]},"1":{"loc":{"start":{"line":3,"column":21},"end":{"line":3,"column":58}},"type":"if","locations":[{"start":{"line":3,"column":21},"end":{"line":3,"column":58}},{"start":{"line":3,"column":21},"end":{"line":3,"column":58}}]},"2":{"loc":{"start":{"line":5,"column":18},"end":{"line":5,"column":88}},"type":"cond-expr","locations":[{"start":{"line":5,"column":31},"end":{"line":5,"column":47}},{"start":{"line":5,"column":51},"end":{"line":5,"column":87}}]},"3":{"loc":{"start":{"line":12,"column":20},"end":{"line":12,"column":45}},"type":"binary-expr","locations":[{"start":{"line":12,"column":20},"end":{"line":12,"column":37}},{"start":{"line":12,"column":41},"end":{"line":12,"column":45}}]}},"s":{"0":1,"1":1,"2":1,"3":1,"4":0,"5":0,"6":1,"7":1,"8":1,"9":1,"10":1,"11":1,"12":5,"13":5,"14":1,"15":1,"16":5,"17":5,"18":1,"19":6,"20":6,"21":0,"22":0,"23":6,"24":1,"25":1},"f":{"0":1,"1":1,"2":1,"3":5,"4":1,"5":6,"6":0},"b":{"0":[1,1,1],"1":[0,0],"2":[0,1],"3":[5,5]},"inputSourceMap":{"version":3,"file":"MainContainer.js","sourceRoot":"","sources":["file:///C:/Users/Tyler/WebstormProjects/ReduxCourse/app/containers/Main/MainContainer.tsx"],"names":[],"mappings":";;;;;;AAAA,6BAA+B;AAE/B,IAAM,MAAM,GAAG,OAAO,CAAC,cAAc,CAAC,CAAC;AAEvC;IAAmC,iCAAyB;IAC1D;QAAA,YACE,iBAAO,SAIR;QAED,oBAAc,GAAG;YACf,OAAO,CAAC,GAAG,CAAC,QAAQ,CAAC,CAAC;YACtB,KAAI,CAAC,QAAQ,CAAC;gBACZ,IAAI,EAAE,MAAM;aACb,CAAC,CAAC;QACL,CAAC,CAAA;QAVC,KAAI,CAAC,KAAK,GAAG;YACX,IAAI,EAAE,OAAO;SACd,CAAC;;IACJ,CAAC;IASD,8BAAM,GAAN;QAAA,iBAYC;QAXC,wCAAwC;QACxC,IAAM,eAAe,GAAG;YACtB,OAAO,CAAC,GAAG,CAAC,QAAQ,CAAC,CAAC;YACtB,KAAI,CAAC,QAAQ,CAAC;gBACZ,IAAI,EAAE,MAAM;aACb,CAAC,CAAC;QACL,CAAC,CAAC;QACF,MAAM,CAAC;QACL,8DAA8D;QAC9D,6BAAK,SAAS,EAAE,MAAM,CAAC,KAAK,EAAE,OAAO,EAAE,IAAI,CAAC,cAAc,IAAG,WAAS,IAAI,CAAC,KAAK,CAAC,IAAM,CAAO,CAC/F,CAAC;IACJ,CAAC;IACH,oBAAC;AAAD,CAAC,AA5BD,CAAmC,KAAK,CAAC,SAAS,GA4BjD;AA5BY,sCAAa","sourcesContent":["import * as React from 'react';\r\n\r\nconst styles = require('./styles.css');\r\n\r\nexport class MainContainer extends React.Component<any, any> {\r\n  constructor() {\r\n    super();\r\n    this.state = {\r\n      name: 'Tyler'\r\n    };\r\n  }\r\n\r\n  handleDivClick = () => {\r\n    console.log('click!');\r\n    this.setState({\r\n      name: 'John'\r\n    });\r\n  }\r\n\r\n  render() {\r\n    // TODO: remove copy (for hot reloading)\r\n    const handleDivClick1 = () => {\r\n      console.log('click!');\r\n      this.setState({\r\n        name: 'John'\r\n      });\r\n    };\r\n    return (\r\n      // TODO: replace onClick with class member (for hot reloading)\r\n      <div className={styles.color} onClick={this.handleDivClick}>{`Name: ${this.state.name}`}</div>\r\n    );\r\n  }\r\n}\r\n"]},"_coverageSchema":"332fd63041d2c1bcb487cc26dd0d5f7d97098a6c","hash":"246b0b44f34cf5db9a2a418755b24667a2068be0"}
}
