TN:
SF:C:\Users\Tyler\WebstormProjects\ReduxCourse\__tests__\containers\MainContainer-test.tsx
FN:5,(anonymous_0)
FN:6,(anonymous_1)
FN:10,(anonymous_2)
FN:13,(anonymous_3)
FN:16,(anonymous_4)
FN:19,(anonymous_5)
FNF:6
FNH:6
FNDA:1,(anonymous_0)
FNDA:1,(anonymous_1)
FNDA:1,(anonymous_2)
FNDA:1,(anonymous_3)
FNDA:1,(anonymous_4)
FNDA:1,(anonymous_5)
DA:1,1
DA:2,1
DA:3,1
DA:4,1
DA:5,1
DA:6,1
DA:7,1
DA:8,1
DA:10,1
DA:11,1
DA:13,1
DA:14,1
DA:16,1
DA:17,1
DA:19,1
DA:21,1
DA:22,1
DA:23,1
DA:24,1
LF:19
LH:19
BRF:0
BRH:0
end_of_record
TN:
SF:C:\Users\Tyler\WebstormProjects\ReduxCourse\app\containers\Main\MainContainer.tsx
FN:2,(anonymous_0)
FN:4,__
FN:9,(anonymous_2)
FN:11,MainContainer
FN:13,(anonymous_4)
FN:24,(anonymous_5)
FN:27,(anonymous_6)
FNF:7
FNH:6
FNDA:1,(anonymous_0)
FNDA:1,__
FNDA:1,(anonymous_2)
FNDA:5,MainContainer
FNDA:1,(anonymous_4)
FNDA:6,(anonymous_5)
FNDA:0,(anonymous_6)
DA:1,1
DA:2,1
DA:3,1
DA:4,1
DA:5,1
DA:7,1
DA:8,1
DA:9,1
DA:10,1
DA:12,5
DA:13,5
DA:14,1
DA:15,1
DA:19,5
DA:22,5
DA:24,1
DA:25,6
DA:27,6
DA:28,0
DA:29,0
DA:33,6
DA:37,1
DA:39,1
LF:23
LH:21
BRDA:2,0,0,1
BRDA:2,0,1,1
BRDA:2,0,2,1
BRDA:3,1,0,0
BRDA:3,1,1,0
BRDA:5,2,0,0
BRDA:5,2,1,1
BRDA:12,3,0,5
BRDA:12,3,1,5
BRF:9
BRH:6
end_of_record
